\BOOKMARK [0][-]{chapter.1}{Introdu\347\343o}{}
\BOOKMARK [1][-]{section.1.1}{Objetivos e justificativas}{chapter.1}
\BOOKMARK [1][-]{section.1.2}{Metodologia}{chapter.1}
\BOOKMARK [1][-]{section.1.3}{Estrutura do trabalho}{chapter.1}
\BOOKMARK [0][-]{chapter.2}{A Programa\347\343o Linear e as suas Aplica\347\365es}{}
\BOOKMARK [1][-]{section.2.1}{Descri\347\343o do Problema de Programa\347\343o Linear}{chapter.2}
\BOOKMARK [1][-]{section.2.2}{M\351todos de Solu\347\343o}{chapter.2}
\BOOKMARK [2][-]{subsection.2.2.1}{M\351todo Simplex}{section.2.2}
\BOOKMARK [2][-]{subsection.2.2.2}{M\351todo de Pontos Interiores}{section.2.2}
\BOOKMARK [1][-]{section.2.3}{Aplica\347\365es Pr\341ticas}{chapter.2}
\BOOKMARK [2][-]{subsection.2.3.1}{Aplica\347\365es em Processamento de Imagens}{section.2.3}
\BOOKMARK [2][-]{subsection.2.3.2}{Aplica\347\365es em Programa\347\343o Distribu\355da}{section.2.3}
\BOOKMARK [2][-]{subsection.2.3.3}{Aplica\347\365es em Banco de Dados}{section.2.3}
\BOOKMARK [2][-]{subsection.2.3.4}{Aplica\347\343o em Sa\372de}{section.2.3}
\BOOKMARK [2][-]{subsection.2.3.5}{Aplica\347\365es na Engenharia de Produ\347\343o}{section.2.3}
\BOOKMARK [0][-]{chapter.3}{O M\351todo Simplex}{}
\BOOKMARK [1][-]{section.3.1}{Princ\355pio B\341sico do M\351todo}{chapter.3}
\BOOKMARK [1][-]{section.3.2}{Descri\347\343o do M\351todo Simplex Revisado}{chapter.3}
\BOOKMARK [0][-]{chapter.4}{Reconhecimento de Express\365es Faciais}{}
\BOOKMARK [1][-]{section.4.1}{Fases do Reconhecimento}{chapter.4}
\BOOKMARK [1][-]{section.4.2}{M\351todos de Classifica\347\343o}{chapter.4}
\BOOKMARK [1][-]{section.4.3}{O Reconhecimento de Express\365es Faciais e a Programa\347\343o Linear}{chapter.4}
\BOOKMARK [0][-]{chapter.5}{Aplica\347\343o da programa\347\343o linear na separa\347\343o de pontos}{}
\BOOKMARK [1][-]{section.5.1}{O modelo}{chapter.5}
\BOOKMARK [1][-]{section.5.2}{Exemplo Ilustrativo do Modelo Classificador}{chapter.5}
\BOOKMARK [0][-]{section.5.2}{Refer\352ncias Bibliogr\341ficas}{}
